<?xml version="1.0" encoding="UTF-8"?>
<?xml-stylesheet href="CoreNLP-to-HTML.xsl" type="text/xsl"?>
<root>
  <document>
    <sentences>
      <sentence id="1">
        <tokens>
          <token id="1">
            <word>Tim</word>
            <lemma>Tim</lemma>
            <CharacterOffsetBegin>0</CharacterOffsetBegin>
            <CharacterOffsetEnd>3</CharacterOffsetEnd>
            <POS>NNP</POS>
            <NER>PERSON</NER>
          </token>
          <token id="2">
            <word>Cook</word>
            <lemma>Cook</lemma>
            <CharacterOffsetBegin>4</CharacterOffsetBegin>
            <CharacterOffsetEnd>8</CharacterOffsetEnd>
            <POS>NNP</POS>
            <NER>PERSON</NER>
          </token>
          <token id="3">
            <word>has</word>
            <lemma>have</lemma>
            <CharacterOffsetBegin>9</CharacterOffsetBegin>
            <CharacterOffsetEnd>12</CharacterOffsetEnd>
            <POS>VBZ</POS>
            <NER>O</NER>
          </token>
          <token id="4">
            <word>been</word>
            <lemma>be</lemma>
            <CharacterOffsetBegin>13</CharacterOffsetBegin>
            <CharacterOffsetEnd>17</CharacterOffsetEnd>
            <POS>VBN</POS>
            <NER>O</NER>
          </token>
          <token id="5">
            <word>heading</word>
            <lemma>head</lemma>
            <CharacterOffsetBegin>18</CharacterOffsetBegin>
            <CharacterOffsetEnd>25</CharacterOffsetEnd>
            <POS>VBG</POS>
            <NER>O</NER>
          </token>
          <token id="6">
            <word>Apple</word>
            <lemma>Apple</lemma>
            <CharacterOffsetBegin>26</CharacterOffsetBegin>
            <CharacterOffsetEnd>31</CharacterOffsetEnd>
            <POS>NNP</POS>
            <NER>ORGANIZATION</NER>
          </token>
          <token id="7">
            <word>,</word>
            <lemma>,</lemma>
            <CharacterOffsetBegin>31</CharacterOffsetBegin>
            <CharacterOffsetEnd>32</CharacterOffsetEnd>
            <POS>,</POS>
            <NER>ORGANIZATION</NER>
          </token>
          <token id="8">
            <word>Inc.</word>
            <lemma>Inc.</lemma>
            <CharacterOffsetBegin>33</CharacterOffsetBegin>
            <CharacterOffsetEnd>37</CharacterOffsetEnd>
            <POS>NNP</POS>
            <NER>ORGANIZATION</NER>
          </token>
          <token id="9">
            <word>for</word>
            <lemma>for</lemma>
            <CharacterOffsetBegin>38</CharacterOffsetBegin>
            <CharacterOffsetEnd>41</CharacterOffsetEnd>
            <POS>IN</POS>
            <NER>O</NER>
          </token>
          <token id="10">
            <word>a</word>
            <lemma>a</lemma>
            <CharacterOffsetBegin>42</CharacterOffsetBegin>
            <CharacterOffsetEnd>43</CharacterOffsetEnd>
            <POS>DT</POS>
            <NER>O</NER>
          </token>
          <token id="11">
            <word>long</word>
            <lemma>long</lemma>
            <CharacterOffsetBegin>44</CharacterOffsetBegin>
            <CharacterOffsetEnd>48</CharacterOffsetEnd>
            <POS>JJ</POS>
            <NER>O</NER>
          </token>
          <token id="12">
            <word>time</word>
            <lemma>time</lemma>
            <CharacterOffsetBegin>49</CharacterOffsetBegin>
            <CharacterOffsetEnd>53</CharacterOffsetEnd>
            <POS>NN</POS>
            <NER>O</NER>
          </token>
          <token id="13">
            <word>.</word>
            <lemma>.</lemma>
            <CharacterOffsetBegin>53</CharacterOffsetBegin>
            <CharacterOffsetEnd>54</CharacterOffsetEnd>
            <POS>.</POS>
            <NER>O</NER>
          </token>
        </tokens>
        <parse>(ROOT (S (NP (NNP Tim) (NNP Cook)) (VP (VBZ has) (VP (VBN been) (VP (VBG heading) (NP (NP (NNP Apple) (, ,) (NNP Inc.)) (PP (IN for) (NP (DT a) (JJ long) (NN time))))))) (. .))) </parse>
        <dependencies type="basic-dependencies">
          <dep type="root">
            <governor idx="0">ROOT</governor>
            <dependent idx="5">heading</dependent>
          </dep>
          <dep type="compound">
            <governor idx="2">Cook</governor>
            <dependent idx="1">Tim</dependent>
          </dep>
          <dep type="nsubj">
            <governor idx="5">heading</governor>
            <dependent idx="2">Cook</dependent>
          </dep>
          <dep type="aux">
            <governor idx="5">heading</governor>
            <dependent idx="3">has</dependent>
          </dep>
          <dep type="aux">
            <governor idx="5">heading</governor>
            <dependent idx="4">been</dependent>
          </dep>
          <dep type="compound">
            <governor idx="8">Inc.</governor>
            <dependent idx="6">Apple</dependent>
          </dep>
          <dep type="punct">
            <governor idx="8">Inc.</governor>
            <dependent idx="7">,</dependent>
          </dep>
          <dep type="dobj">
            <governor idx="5">heading</governor>
            <dependent idx="8">Inc.</dependent>
          </dep>
          <dep type="case">
            <governor idx="12">time</governor>
            <dependent idx="9">for</dependent>
          </dep>
          <dep type="det">
            <governor idx="12">time</governor>
            <dependent idx="10">a</dependent>
          </dep>
          <dep type="amod">
            <governor idx="12">time</governor>
            <dependent idx="11">long</dependent>
          </dep>
          <dep type="nmod">
            <governor idx="8">Inc.</governor>
            <dependent idx="12">time</dependent>
          </dep>
          <dep type="punct">
            <governor idx="5">heading</governor>
            <dependent idx="13">.</dependent>
          </dep>
        </dependencies>
        <dependencies type="collapsed-dependencies">
          <dep type="root">
            <governor idx="0">ROOT</governor>
            <dependent idx="5">heading</dependent>
          </dep>
          <dep type="compound">
            <governor idx="2">Cook</governor>
            <dependent idx="1">Tim</dependent>
          </dep>
          <dep type="nsubj">
            <governor idx="5">heading</governor>
            <dependent idx="2">Cook</dependent>
          </dep>
          <dep type="aux">
            <governor idx="5">heading</governor>
            <dependent idx="3">has</dependent>
          </dep>
          <dep type="aux">
            <governor idx="5">heading</governor>
            <dependent idx="4">been</dependent>
          </dep>
          <dep type="compound">
            <governor idx="8">Inc.</governor>
            <dependent idx="6">Apple</dependent>
          </dep>
          <dep type="punct">
            <governor idx="8">Inc.</governor>
            <dependent idx="7">,</dependent>
          </dep>
          <dep type="dobj">
            <governor idx="5">heading</governor>
            <dependent idx="8">Inc.</dependent>
          </dep>
          <dep type="case">
            <governor idx="12">time</governor>
            <dependent idx="9">for</dependent>
          </dep>
          <dep type="det">
            <governor idx="12">time</governor>
            <dependent idx="10">a</dependent>
          </dep>
          <dep type="amod">
            <governor idx="12">time</governor>
            <dependent idx="11">long</dependent>
          </dep>
          <dep type="nmod:for">
            <governor idx="8">Inc.</governor>
            <dependent idx="12">time</dependent>
          </dep>
          <dep type="punct">
            <governor idx="5">heading</governor>
            <dependent idx="13">.</dependent>
          </dep>
        </dependencies>
        <dependencies type="collapsed-ccprocessed-dependencies">
          <dep type="root">
            <governor idx="0">ROOT</governor>
            <dependent idx="5">heading</dependent>
          </dep>
          <dep type="compound">
            <governor idx="2">Cook</governor>
            <dependent idx="1">Tim</dependent>
          </dep>
          <dep type="nsubj">
            <governor idx="5">heading</governor>
            <dependent idx="2">Cook</dependent>
          </dep>
          <dep type="aux">
            <governor idx="5">heading</governor>
            <dependent idx="3">has</dependent>
          </dep>
          <dep type="aux">
            <governor idx="5">heading</governor>
            <dependent idx="4">been</dependent>
          </dep>
          <dep type="compound">
            <governor idx="8">Inc.</governor>
            <dependent idx="6">Apple</dependent>
          </dep>
          <dep type="punct">
            <governor idx="8">Inc.</governor>
            <dependent idx="7">,</dependent>
          </dep>
          <dep type="dobj">
            <governor idx="5">heading</governor>
            <dependent idx="8">Inc.</dependent>
          </dep>
          <dep type="case">
            <governor idx="12">time</governor>
            <dependent idx="9">for</dependent>
          </dep>
          <dep type="det">
            <governor idx="12">time</governor>
            <dependent idx="10">a</dependent>
          </dep>
          <dep type="amod">
            <governor idx="12">time</governor>
            <dependent idx="11">long</dependent>
          </dep>
          <dep type="nmod:for">
            <governor idx="8">Inc.</governor>
            <dependent idx="12">time</dependent>
          </dep>
          <dep type="punct">
            <governor idx="5">heading</governor>
            <dependent idx="13">.</dependent>
          </dep>
        </dependencies>
      </sentence>
    </sentences>
  </document>
</root>
