<?xml version="1.0" encoding="UTF-8"?>
<?xml-stylesheet href="CoreNLP-to-HTML.xsl" type="text/xsl"?>
<root>
  <document>
    <sentences>
      <sentence id="1">
        <tokens>
          <token id="1">
            <word>Tim</word>
            <lemma>Tim</lemma>
            <CharacterOffsetBegin>0</CharacterOffsetBegin>
            <CharacterOffsetEnd>3</CharacterOffsetEnd>
            <POS>NNP</POS>
            <NER>PERSON</NER>
          </token>
          <token id="2">
            <word>Cook</word>
            <lemma>Cook</lemma>
            <CharacterOffsetBegin>4</CharacterOffsetBegin>
            <CharacterOffsetEnd>8</CharacterOffsetEnd>
            <POS>NNP</POS>
            <NER>PERSON</NER>
          </token>
          <token id="3">
            <word>is</word>
            <lemma>be</lemma>
            <CharacterOffsetBegin>9</CharacterOffsetBegin>
            <CharacterOffsetEnd>11</CharacterOffsetEnd>
            <POS>VBZ</POS>
            <NER>O</NER>
          </token>
          <token id="4">
            <word>the</word>
            <lemma>the</lemma>
            <CharacterOffsetBegin>12</CharacterOffsetBegin>
            <CharacterOffsetEnd>15</CharacterOffsetEnd>
            <POS>DT</POS>
            <NER>O</NER>
          </token>
          <token id="5">
            <word>CEO</word>
            <lemma>ceo</lemma>
            <CharacterOffsetBegin>16</CharacterOffsetBegin>
            <CharacterOffsetEnd>19</CharacterOffsetEnd>
            <POS>NN</POS>
            <NER>O</NER>
          </token>
          <token id="6">
            <word>of</word>
            <lemma>of</lemma>
            <CharacterOffsetBegin>20</CharacterOffsetBegin>
            <CharacterOffsetEnd>22</CharacterOffsetEnd>
            <POS>IN</POS>
            <NER>O</NER>
          </token>
          <token id="7">
            <word>Apple</word>
            <lemma>Apple</lemma>
            <CharacterOffsetBegin>23</CharacterOffsetBegin>
            <CharacterOffsetEnd>28</CharacterOffsetEnd>
            <POS>NNP</POS>
            <NER>ORGANIZATION</NER>
          </token>
          <token id="8">
            <word>.</word>
            <lemma>.</lemma>
            <CharacterOffsetBegin>28</CharacterOffsetBegin>
            <CharacterOffsetEnd>29</CharacterOffsetEnd>
            <POS>.</POS>
            <NER>O</NER>
          </token>
        </tokens>
        <parse>(ROOT (S (NP (NNP Tim) (NNP Cook)) (VP (VBZ is) (NP (NP (DT the) (NN CEO)) (PP (IN of) (NP (NNP Apple))))) (. .))) </parse>
        <dependencies type="basic-dependencies">
          <dep type="root">
            <governor idx="0">ROOT</governor>
            <dependent idx="5">CEO</dependent>
          </dep>
          <dep type="compound">
            <governor idx="2">Cook</governor>
            <dependent idx="1">Tim</dependent>
          </dep>
          <dep type="nsubj">
            <governor idx="5">CEO</governor>
            <dependent idx="2">Cook</dependent>
          </dep>
          <dep type="cop">
            <governor idx="5">CEO</governor>
            <dependent idx="3">is</dependent>
          </dep>
          <dep type="det">
            <governor idx="5">CEO</governor>
            <dependent idx="4">the</dependent>
          </dep>
          <dep type="case">
            <governor idx="7">Apple</governor>
            <dependent idx="6">of</dependent>
          </dep>
          <dep type="nmod">
            <governor idx="5">CEO</governor>
            <dependent idx="7">Apple</dependent>
          </dep>
          <dep type="punct">
            <governor idx="5">CEO</governor>
            <dependent idx="8">.</dependent>
          </dep>
        </dependencies>
        <dependencies type="collapsed-dependencies">
          <dep type="root">
            <governor idx="0">ROOT</governor>
            <dependent idx="5">CEO</dependent>
          </dep>
          <dep type="compound">
            <governor idx="2">Cook</governor>
            <dependent idx="1">Tim</dependent>
          </dep>
          <dep type="nsubj">
            <governor idx="5">CEO</governor>
            <dependent idx="2">Cook</dependent>
          </dep>
          <dep type="cop">
            <governor idx="5">CEO</governor>
            <dependent idx="3">is</dependent>
          </dep>
          <dep type="det">
            <governor idx="5">CEO</governor>
            <dependent idx="4">the</dependent>
          </dep>
          <dep type="case">
            <governor idx="7">Apple</governor>
            <dependent idx="6">of</dependent>
          </dep>
          <dep type="nmod:of">
            <governor idx="5">CEO</governor>
            <dependent idx="7">Apple</dependent>
          </dep>
          <dep type="punct">
            <governor idx="5">CEO</governor>
            <dependent idx="8">.</dependent>
          </dep>
        </dependencies>
        <dependencies type="collapsed-ccprocessed-dependencies">
          <dep type="root">
            <governor idx="0">ROOT</governor>
            <dependent idx="5">CEO</dependent>
          </dep>
          <dep type="compound">
            <governor idx="2">Cook</governor>
            <dependent idx="1">Tim</dependent>
          </dep>
          <dep type="nsubj">
            <governor idx="5">CEO</governor>
            <dependent idx="2">Cook</dependent>
          </dep>
          <dep type="cop">
            <governor idx="5">CEO</governor>
            <dependent idx="3">is</dependent>
          </dep>
          <dep type="det">
            <governor idx="5">CEO</governor>
            <dependent idx="4">the</dependent>
          </dep>
          <dep type="case">
            <governor idx="7">Apple</governor>
            <dependent idx="6">of</dependent>
          </dep>
          <dep type="nmod:of">
            <governor idx="5">CEO</governor>
            <dependent idx="7">Apple</dependent>
          </dep>
          <dep type="punct">
            <governor idx="5">CEO</governor>
            <dependent idx="8">.</dependent>
          </dep>
        </dependencies>
      </sentence>
    </sentences>
  </document>
</root>
